/tmp/Logic/Jack_Frost/top.ngc 1704445340
ipcore_dir/background.ngc 1704418272
ipcore_dir/win.ngc 1704418577
ipcore_dir/lose.ngc 1704418742
ipcore_dir/blue_static_1.ngc 1703470563
ipcore_dir/blue_static_5.ngc 1703488471
ipcore_dir/blue_static_9.ngc 1703488576
ipcore_dir/blue_static_13.ngc 1703488677
ipcore_dir/blue_r_walk_1.ngc 1703859463
ipcore_dir/blue_r_walk_5.ngc 1703859567
ipcore_dir/blue_r_walk_9.ngc 1703859634
ipcore_dir/blue_r_walk_13.ngc 1703859885
ipcore_dir/blue_jump.ngc 1704445053
ipcore_dir/slim_l_walk_1.ngc 1703864894
ipcore_dir/slim_l_walk_3.ngc 1703864955
ipcore_dir/slim_l_walk_7.ngc 1703865023
ipcore_dir/slim_frozen_1.ngc 1703864582
ipcore_dir/slim_frozen_3.ngc 1703864673
ipcore_dir/slim_frozen_9.ngc 1703864759
ipcore_dir/ground_1.ngc 1703858780
ipcore_dir/ground_4.ngc 1703858848
ipcore_dir/ground_5.ngc 1703858945
ipcore_dir/ground_6.ngc 1703859036
ipcore_dir/snowf_1.ngc 1703859114
ipcore_dir/snowf_5.ngc 1703859183
ipcore_dir/snowf_13.ngc 1703859247
/tmp/Logic/Jack_Frost/P2S.ngc 1571241600
OK
